31-Jan-2019 01:23:30.467 WARNING [http-nio-8080-exec-49] org.apache.catalina.loader.WebappClassLoaderBase.clearReferencesJdbc The web application [pos112b] registered the JDBC driver [com.mysql.jdbc.Driver] but failed to unregister it when the web application was stopped. To prevent a memory leak, the JDBC Driver has been forcibly unregistered.
31-Jan-2019 01:23:34.547 INFO [http-nio-8080-exec-41] org.apache.catalina.util.LifecycleBase.stop The stop() method was called on component [StandardEngine[Catalina].StandardHost[localhost].StandardContext[/pos112b]] after stop() had already been called. The second call will be ignored.
31-Jan-2019 01:23:35.068 INFO [http-nio-8080-exec-41] org.apache.catalina.startup.HostConfig.undeploy Undeploying context [/pos112b]
31-Jan-2019 01:24:52.200 INFO [http-nio-8080-exec-51] org.apache.catalina.startup.HostConfig.deployWAR Deploying web application archive [/opt/tomcat/apache-tomcat-8.5.35/webapps/pos112b.war]
31-Jan-2019 01:24:52.451 INFO [http-nio-8080-exec-51] org.apache.jasper.servlet.TldScanner.scanJars At least one JAR was scanned for TLDs yet contained no TLDs. Enable debug logging for this logger for a complete list of JARs that were scanned but no TLDs were found in them. Skipping unneeded JARs during scanning can improve startup time and JSP compilation time.
31-Jan-2019 01:24:52.453 INFO [http-nio-8080-exec-51] org.apache.catalina.startup.HostConfig.deployWAR Deployment of web application archive [/opt/tomcat/apache-tomcat-8.5.35/webapps/pos112b.war] has finished in [252] ms
31-Jan-2019 01:31:14.025 INFO [http-nio-8080-exec-55] org.apache.catalina.startup.HostConfig.undeploy Undeploying context [/pos112b]
31-Jan-2019 01:31:24.040 INFO [http-nio-8080-exec-53] org.apache.catalina.startup.HostConfig.deployWAR Deploying web application archive [/opt/tomcat/apache-tomcat-8.5.35/webapps/pos112b.war]
31-Jan-2019 01:31:24.172 INFO [http-nio-8080-exec-53] org.apache.jasper.servlet.TldScanner.scanJars At least one JAR was scanned for TLDs yet contained no TLDs. Enable debug logging for this logger for a complete list of JARs that were scanned but no TLDs were found in them. Skipping unneeded JARs during scanning can improve startup time and JSP compilation time.
31-Jan-2019 01:31:24.173 INFO [http-nio-8080-exec-53] org.apache.catalina.startup.HostConfig.deployWAR Deployment of web application archive [/opt/tomcat/apache-tomcat-8.5.35/webapps/pos112b.war] has finished in [133] ms
31-Jan-2019 01:40:00.016 INFO [http-nio-8080-exec-65] org.apache.tomcat.util.http.Parameters.processParameters Character decoding failed. Parameter [viBuscar] with value [%usb] has been ignored. Note that the name and value quoted here may be corrupted due to the failed decoding. Use debug level logging to see the original, non-corrupted values.
 Note: further occurrences of Parameter errors will be logged at DEBUG level.
31-Jan-2019 08:19:51.369 INFO [http-nio-8080-exec-64] org.apache.coyote.http11.Http11Processor.service Error parsing HTTP request header
 Note: further occurrences of HTTP header parsing errors will be logged at DEBUG level.
 java.lang.IllegalArgumentException: Invalid character found in method name. HTTP method names must be tokens
	at org.apache.coyote.http11.Http11InputBuffer.parseRequestLine(Http11InputBuffer.java:428)
	at org.apache.coyote.http11.Http11Processor.service(Http11Processor.java:684)
	at org.apache.coyote.AbstractProcessorLight.process(AbstractProcessorLight.java:66)
	at org.apache.coyote.AbstractProtocol$ConnectionHandler.process(AbstractProtocol.java:806)
	at org.apache.tomcat.util.net.NioEndpoint$SocketProcessor.doRun(NioEndpoint.java:1498)
	at org.apache.tomcat.util.net.SocketProcessorBase.run(SocketProcessorBase.java:49)
	at java.util.concurrent.ThreadPoolExecutor.runWorker(ThreadPoolExecutor.java:1149)
	at java.util.concurrent.ThreadPoolExecutor$Worker.run(ThreadPoolExecutor.java:624)
	at org.apache.tomcat.util.threads.TaskThread$WrappingRunnable.run(TaskThread.java:61)
	at java.lang.Thread.run(Thread.java:748)

