31-Jan-2019 01:25:06.478 SEVERE [http-nio-8080-exec-54] org.apache.catalina.core.StandardWrapperValve.invoke Servlet.service() for servlet [jsp] in context with path [/pos112b] threw exception [Unable to compile class for JSP: 

An error occurred at line: [15] in the generated java file: [/opt/tomcat/apache-tomcat-8.5.35/work/Catalina/localhost/pos112b/org/apache/jsp/inventario_jsp.java]
Only a type can be imported. xCore.xOperaciones.OperaVars resolves to a package

An error occurred at line: [17] in the jsp file: [/inventario.jsp]
xCore.xOperaciones.OperaUtils cannot be resolved to a type
14: <%
15:     Exception ee = null;
16: 
17:     DecimalFormat df2 = xCore.xOperaciones.OperaUtils.getDefimalFormat();
18:     String proLink = OperaVars.getUrl(OperaVars.URL_PRODUCTO_EDITAR);
19: 
20:     OperaInventario op = new OperaInventario();


An error occurred at line: [18] in the jsp file: [/inventario.jsp]
OperaVars cannot be resolved
15:     Exception ee = null;
16: 
17:     DecimalFormat df2 = xCore.xOperaciones.OperaUtils.getDefimalFormat();
18:     String proLink = OperaVars.getUrl(OperaVars.URL_PRODUCTO_EDITAR);
19: 
20:     OperaInventario op = new OperaInventario();
21:     List<Inventario> lista = new ArrayList<Inventario>();


An error occurred at line: [18] in the jsp file: [/inventario.jsp]
OperaVars.URL_PRODUCTO_EDITAR cannot be resolved to a type
15:     Exception ee = null;
16: 
17:     DecimalFormat df2 = xCore.xOperaciones.OperaUtils.getDefimalFormat();
18:     String proLink = OperaVars.getUrl(OperaVars.URL_PRODUCTO_EDITAR);
19: 
20:     OperaInventario op = new OperaInventario();
21:     List<Inventario> lista = new ArrayList<Inventario>();


Stacktrace:] with root cause
 org.apache.jasper.JasperException: Unable to compile class for JSP: 

An error occurred at line: [15] in the generated java file: [/opt/tomcat/apache-tomcat-8.5.35/work/Catalina/localhost/pos112b/org/apache/jsp/inventario_jsp.java]
Only a type can be imported. xCore.xOperaciones.OperaVars resolves to a package

An error occurred at line: [17] in the jsp file: [/inventario.jsp]
xCore.xOperaciones.OperaUtils cannot be resolved to a type
14: <%
15:     Exception ee = null;
16: 
17:     DecimalFormat df2 = xCore.xOperaciones.OperaUtils.getDefimalFormat();
18:     String proLink = OperaVars.getUrl(OperaVars.URL_PRODUCTO_EDITAR);
19: 
20:     OperaInventario op = new OperaInventario();


An error occurred at line: [18] in the jsp file: [/inventario.jsp]
OperaVars cannot be resolved
15:     Exception ee = null;
16: 
17:     DecimalFormat df2 = xCore.xOperaciones.OperaUtils.getDefimalFormat();
18:     String proLink = OperaVars.getUrl(OperaVars.URL_PRODUCTO_EDITAR);
19: 
20:     OperaInventario op = new OperaInventario();
21:     List<Inventario> lista = new ArrayList<Inventario>();


An error occurred at line: [18] in the jsp file: [/inventario.jsp]
OperaVars.URL_PRODUCTO_EDITAR cannot be resolved to a type
15:     Exception ee = null;
16: 
17:     DecimalFormat df2 = xCore.xOperaciones.OperaUtils.getDefimalFormat();
18:     String proLink = OperaVars.getUrl(OperaVars.URL_PRODUCTO_EDITAR);
19: 
20:     OperaInventario op = new OperaInventario();
21:     List<Inventario> lista = new ArrayList<Inventario>();


Stacktrace:
	at org.apache.jasper.compiler.DefaultErrorHandler.javacError(DefaultErrorHandler.java:102)
	at org.apache.jasper.compiler.ErrorDispatcher.javacError(ErrorDispatcher.java:212)
	at org.apache.jasper.compiler.JDTCompiler.generateClass(JDTCompiler.java:495)
	at org.apache.jasper.compiler.Compiler.compile(Compiler.java:378)
	at org.apache.jasper.compiler.Compiler.compile(Compiler.java:350)
	at org.apache.jasper.compiler.Compiler.compile(Compiler.java:334)
	at org.apache.jasper.JspCompilationContext.compile(JspCompilationContext.java:595)
	at org.apache.jasper.servlet.JspServletWrapper.service(JspServletWrapper.java:399)
	at org.apache.jasper.servlet.JspServlet.serviceJspFile(JspServlet.java:386)
	at org.apache.jasper.servlet.JspServlet.service(JspServlet.java:330)
	at javax.servlet.http.HttpServlet.service(HttpServlet.java:742)
	at org.apache.catalina.core.ApplicationFilterChain.internalDoFilter(ApplicationFilterChain.java:231)
	at org.apache.catalina.core.ApplicationFilterChain.doFilter(ApplicationFilterChain.java:166)
	at org.apache.tomcat.websocket.server.WsFilter.doFilter(WsFilter.java:52)
	at org.apache.catalina.core.ApplicationFilterChain.internalDoFilter(ApplicationFilterChain.java:193)
	at org.apache.catalina.core.ApplicationFilterChain.doFilter(ApplicationFilterChain.java:166)
	at org.apache.catalina.core.StandardWrapperValve.invoke(StandardWrapperValve.java:198)
	at org.apache.catalina.core.StandardContextValve.invoke(StandardContextValve.java:96)
	at org.apache.catalina.authenticator.AuthenticatorBase.invoke(AuthenticatorBase.java:493)
	at org.apache.catalina.core.StandardHostValve.invoke(StandardHostValve.java:140)
	at org.apache.catalina.valves.ErrorReportValve.invoke(ErrorReportValve.java:81)
	at org.apache.catalina.valves.AbstractAccessLogValve.invoke(AbstractAccessLogValve.java:650)
	at org.apache.catalina.core.StandardEngineValve.invoke(StandardEngineValve.java:87)
	at org.apache.catalina.connector.CoyoteAdapter.service(CoyoteAdapter.java:342)
	at org.apache.coyote.http11.Http11Processor.service(Http11Processor.java:800)
	at org.apache.coyote.AbstractProcessorLight.process(AbstractProcessorLight.java:66)
	at org.apache.coyote.AbstractProtocol$ConnectionHandler.process(AbstractProtocol.java:806)
	at org.apache.tomcat.util.net.NioEndpoint$SocketProcessor.doRun(NioEndpoint.java:1498)
	at org.apache.tomcat.util.net.SocketProcessorBase.run(SocketProcessorBase.java:49)
	at java.util.concurrent.ThreadPoolExecutor.runWorker(ThreadPoolExecutor.java:1149)
	at java.util.concurrent.ThreadPoolExecutor$Worker.run(ThreadPoolExecutor.java:624)
	at org.apache.tomcat.util.threads.TaskThread$WrappingRunnable.run(TaskThread.java:61)
	at java.lang.Thread.run(Thread.java:748)

